<?xml version="1.0" encoding="UTF-8"?>
<testng-results ignored="0" total="2" passed="2" failed="0" skipped="0">
  <reporter-output>
  </reporter-output>
  <suite started-at="2025-07-08T03:25:37 EDT" name="Default suite" finished-at="2025-07-08T03:25:42 EDT" duration-ms="4790">
    <groups>
    </groups>
    <test started-at="2025-07-08T03:25:37 EDT" name="Default test" finished-at="2025-07-08T03:25:42 EDT" duration-ms="4790">
      <class name="API_Tests.DynamicJson_LibraryAPI">
        <test-method signature="addBookToLibrary(java.lang.String, java.lang.String)[pri:0, instance:API_Tests.DynamicJson_LibraryAPI@1356d4d4]" started-at="2025-07-08T03:25:37 EDT" name="addBookToLibrary" data-provider="books_data" finished-at="2025-07-08T03:25:41 EDT" duration-ms="4009" status="PASS">
          <params>
            <param index="0">
              <value>
                <![CDATA[Book_]]>
              </value>
            </param>
            <param index="1">
              <value>
                <![CDATA[1]]>
              </value>
            </param>
          </params>
          <reporter-output>
          </reporter-output>
        </test-method> <!-- addBookToLibrary -->
        <test-method signature="addBookToLibrary(java.lang.String, java.lang.String)[pri:0, instance:API_Tests.DynamicJson_LibraryAPI@1356d4d4]" started-at="2025-07-08T03:25:41 EDT" name="addBookToLibrary" data-provider="books_data" finished-at="2025-07-08T03:25:42 EDT" duration-ms="710" status="PASS">
          <params>
            <param index="0">
              <value>
                <![CDATA[Book_]]>
              </value>
            </param>
            <param index="1">
              <value>
                <![CDATA[2]]>
              </value>
            </param>
          </params>
          <reporter-output>
          </reporter-output>
        </test-method> <!-- addBookToLibrary -->
      </class> <!-- API_Tests.DynamicJson_LibraryAPI -->
    </test> <!-- Default test -->
  </suite> <!-- Default suite -->
</testng-results>
